[32m[1006 11:17:03 @logger.py:92][0m Argv: run_exp.py
[32m[1006 11:17:03 @registry.py:90][0m 'conv0': [?, 28, 28, 1] --> [?, 28, 28, 16]
[32m[1006 11:17:03 @registry.py:90][0m 'pool0': [?, 28, 28, 16] --> [?, 14, 14, 16]
[32m[1006 11:17:03 @model_a_q.py:87][0m Quantizing activations to 1 bits pool0/output:0
[32m[1006 11:17:03 @model_a_q.py:78][0m Quantizing weights to 1 bits conv1/W
[32m[1006 11:17:03 @registry.py:90][0m 'conv1': [?, 14, 14, 16] --> [?, 14, 14, 16]
[32m[1006 11:17:03 @model_a_q.py:87][0m Quantizing activations to 1 bits conv1/output:0
[32m[1006 11:17:03 @model_a_q.py:78][0m Quantizing weights to 1 bits conv2/W
[32m[1006 11:17:03 @registry.py:90][0m 'conv2': [?, 14, 14, 16] --> [?, 14, 14, 16]
[32m[1006 11:17:03 @registry.py:90][0m 'pool1': [?, 14, 14, 16] --> [?, 7, 7, 16]
[32m[1006 11:17:03 @model_a_q.py:87][0m Quantizing activations to 1 bits pool1/output:0
[32m[1006 11:17:03 @model_a_q.py:78][0m Quantizing weights to 1 bits conv3/W
[32m[1006 11:17:03 @registry.py:90][0m 'conv3': [?, 7, 7, 16] --> [?, 7, 7, 16]
[32m[1006 11:17:03 @model_a_q.py:87][0m Quantizing activations to 1 bits conv3/output:0
[32m[1006 11:17:03 @model_a_q.py:78][0m Quantizing weights to 1 bits fc0/W
[32m[1006 11:17:03 @registry.py:90][0m 'fc0': [?, 7, 7, 16] --> [?, 512]
[32m[1006 11:17:03 @registry.py:90][0m 'linear': [?, 512] --> [?, 10]
[32m[1006 11:17:03 @collection.py:146][0m New collections created in tower : logits of size 1
[32m[1006 11:17:03 @sessinit.py:87][0m [5m[31mWRN[0m The following variables are in the checkpoint, but not found in the graph: beta1_power, beta2_power, global_step
[32m[1006 11:17:05 @sessinit.py:114][0m Restoring checkpoint from C:\Users\sab\Downloads\AI Testing\Source\Dorefanet\tensorpack\FullPrecisionModels\logs\train_log\MODEL_A_B_C\MODEL_A_REGULARIZED\mnist-1132\_Model_4596 ...
[32m[1006 11:17:09 @inference_core.py:532][0m Total  benign images  classified correctly by the network : (9910, 28, 28) 
[32m[1006 11:17:09 @inference_core.py:539][0m Total  benign images  classified incorrectly by the network : (90, 28, 28) 
[32m[1006 11:17:09 @inference_core.py:112][0m The overall accuracy of the model: 0.991, error: 0.009 
[32m[1006 11:17:09 @model_a_q.py:87][0m Quantizing activations to 1 bits pool0/output:0
[32m[1006 11:17:09 @model_a_q.py:78][0m Quantizing weights to 1 bits conv1/W
[32m[1006 11:17:09 @model_a_q.py:87][0m Quantizing activations to 1 bits conv1/output:0
[32m[1006 11:17:09 @model_a_q.py:78][0m Quantizing weights to 1 bits conv2/W
[32m[1006 11:17:09 @model_a_q.py:87][0m Quantizing activations to 1 bits pool1/output:0
[32m[1006 11:17:09 @model_a_q.py:78][0m Quantizing weights to 1 bits conv3/W
[32m[1006 11:17:09 @model_a_q.py:87][0m Quantizing activations to 1 bits conv3/output:0
[32m[1006 11:17:09 @model_a_q.py:78][0m Quantizing weights to 1 bits fc0/W
[32m[1006 11:17:09 @collection.py:146][0m New collections created in tower : logits of size 1
[32m[1006 11:17:09 @sessinit.py:87][0m [5m[31mWRN[0m The following variables are in the checkpoint, but not found in the graph: beta1_power, beta2_power, global_step
[32m[1006 11:17:09 @sessinit.py:114][0m Restoring checkpoint from C:\Users\sab\Downloads\AI Testing\Source\Dorefanet\tensorpack\FullPrecisionModels\logs\train_log\MODEL_A_B_C\MODEL_A_REGULARIZED\mnist-1132\_Model_4596 ...
[32m[1006 11:17:16 @model_a_q.py:87][0m Quantizing activations to 1 bits pool0/output:0
[32m[1006 11:17:16 @model_a_q.py:78][0m Quantizing weights to 1 bits conv1/W
[32m[1006 11:17:16 @model_a_q.py:87][0m Quantizing activations to 1 bits conv1/output:0
[32m[1006 11:17:16 @model_a_q.py:78][0m Quantizing weights to 1 bits conv2/W
[32m[1006 11:17:16 @model_a_q.py:87][0m Quantizing activations to 1 bits pool1/output:0
[32m[1006 11:17:16 @model_a_q.py:78][0m Quantizing weights to 1 bits conv3/W
[32m[1006 11:17:17 @model_a_q.py:87][0m Quantizing activations to 1 bits conv3/output:0
[32m[1006 11:17:17 @model_a_q.py:78][0m Quantizing weights to 1 bits fc0/W
[32m[1006 11:17:17 @collection.py:146][0m New collections created in tower : logits of size 1
[32m[1006 11:17:17 @sessinit.py:87][0m [5m[31mWRN[0m The following variables are in the checkpoint, but not found in the graph: beta1_power, beta2_power, global_step
[32m[1006 11:17:17 @sessinit.py:114][0m Restoring checkpoint from C:\Users\sab\Downloads\AI Testing\Source\Dorefanet\tensorpack\FullPrecisionModels\logs\train_log\MODEL_A_B_C\MODEL_A_REGULARIZED\mnist-1132\_Model_4596 ...
[32m[1006 11:17:23 @model_a_q.py:87][0m Quantizing activations to 1 bits pool0/output:0
[32m[1006 11:17:23 @model_a_q.py:78][0m Quantizing weights to 1 bits conv1/W
[32m[1006 11:17:23 @model_a_q.py:87][0m Quantizing activations to 1 bits conv1/output:0
[32m[1006 11:17:23 @model_a_q.py:78][0m Quantizing weights to 1 bits conv2/W
[32m[1006 11:17:24 @model_a_q.py:87][0m Quantizing activations to 1 bits pool1/output:0
[32m[1006 11:17:24 @model_a_q.py:78][0m Quantizing weights to 1 bits conv3/W
[32m[1006 11:17:24 @model_a_q.py:87][0m Quantizing activations to 1 bits conv3/output:0
[32m[1006 11:17:24 @model_a_q.py:78][0m Quantizing weights to 1 bits fc0/W
[32m[1006 11:17:24 @collection.py:146][0m New collections created in tower : logits of size 1
[32m[1006 11:17:24 @sessinit.py:87][0m [5m[31mWRN[0m The following variables are in the checkpoint, but not found in the graph: beta1_power, beta2_power, global_step
[32m[1006 11:17:24 @sessinit.py:114][0m Restoring checkpoint from C:\Users\sab\Downloads\AI Testing\Source\Dorefanet\tensorpack\FullPrecisionModels\logs\train_log\MODEL_A_B_C\MODEL_A_REGULARIZED\mnist-1132\_Model_4596 ...
